* using log directory ‘/home/runner/work/vazul/vazul/vazul.Rcheck’
* using R version 4.3.3 (2024-02-29)
* using platform: x86_64-pc-linux-gnu (64-bit)
* R was compiled by
    gcc (Ubuntu 13.2.0-23ubuntu3) 13.2.0
    GNU Fortran (Ubuntu 13.2.0-23ubuntu3) 13.2.0
* running under: Ubuntu 24.04.3 LTS
* using session charset: UTF-8
* using option ‘--no-manual’
* checking for file ‘vazul/DESCRIPTION’ ... OK
* this is package ‘vazul’ version ‘0.0.0.9000’
* package encoding: UTF-8
* checking package namespace information ... OK
* checking package dependencies ... OK
* checking if this is a source package ... OK
* checking if there is a namespace ... OK
* checking for executable files ... OK
* checking for hidden files and directories ... OK
* checking for portable file names ... OK
* checking for sufficient/correct file permissions ... OK
* checking whether package ‘vazul’ can be installed ... OK
* checking installed package size ... OK
* checking package directory ... OK
* checking DESCRIPTION meta-information ... OK
* checking top-level files ... OK
* checking for left-over files ... OK
* checking index information ... OK
* checking package subdirectories ... OK
* checking R files for non-ASCII characters ... OK
* checking R files for syntax errors ... OK
* checking whether the package can be loaded ... OK
* checking whether the package can be loaded with stated dependencies ... OK
* checking whether the package can be unloaded cleanly ... OK
* checking whether the namespace can be loaded with stated dependencies ... OK
* checking whether the namespace can be unloaded cleanly ... OK
* checking loading without being on the library search path ... OK
* checking dependencies in R code ... OK
* checking S3 generic/method consistency ... OK
* checking replacement functions ... OK
* checking foreign function calls ... OK
* checking R code for possible problems ... OK
* checking Rd files ... OK
* checking Rd metadata ... OK
* checking Rd cross-references ... WARNING
Missing link or links in documentation object 'marp.Rd':
  ‘0,1’

Missing link or links in documentation object 'scramble_values.Rd':
  ‘1:10’

See section 'Cross-references' in the 'Writing R Extensions' manual.
* checking for missing documentation entries ... OK
* checking for code/documentation mismatches ... WARNING
Data codoc mismatches from documentation object 'marp':
Variables in data frame 'marp'
  Code: age attention_check cnorm_1 cnorm_2 compensation country
        denomination education ethnicity gdp gdp_scaled gender rel_1
        rel_2 rel_3 rel_4 rel_5 rel_6 rel_7 rel_8 rel_9 sample_type ses
        subject wb_gen_1 wb_gen_2 wb_overall_mean wb_phys_1 wb_phys_2
        wb_phys_3 wb_phys_4 wb_phys_5 wb_phys_6 wb_phys_7 wb_phys_mean
        wb_psych_1 wb_psych_2 wb_psych_3 wb_psych_4 wb_psych_5
        wb_psych_6 wb_psych_mean wb_soc_1 wb_soc_2 wb_soc_3 wb_soc_mean
  Docs: age attention_check cnorm_1 cnorm_2 compensation country
        denomination education ethnicity gdp gdp_scaled gender rel_1
        \dots rel_9 sample_type ses subject wb_gen_1 wb_gen_2
        wb_overall_mean wb_phys_1 \dots wb_phys_7 wb_phys_mean
        wb_psych_1 \dots wb_psych_6 wb_psych_mean wb_soc_1 \dots
        wb_soc_3 wb_soc_mean

Data codoc mismatches from documentation object 'williams':
Variables in data frame 'williams'
  Code: Impul_3_r Impuls_1 Impuls_2_r InvChild_1 InvChild_2_r
        InvEdu_1_r InvEdu_2_r Opport_1 Opport_2 Opport_3 Opport_4
        Opport_5 Opport_6_r SexUnres_1 SexUnres_2 SexUnres_3
        SexUnres_4_r SexUnres_5_r age attention_1 attention_2
        duration_in_seconds ecology gender subject
  Docs: Impul_3_r Impuls_1 Impuls_2_r InvChild_1 InvChild_2_r
        InvEdu_1_r InvEdu_2_r Opport_1 to Opport_5 Opport_6_r
        SexUnres_1 to SexUnres_3 SexUnres_4_r SexUnres_5_r age
        attention_1 attention_2 duration_in_seconds ecology gender
        subject

* checking Rd \usage sections ... OK
* checking Rd contents ... OK
* checking for unstated dependencies in examples ... OK
* checking contents of ‘data’ directory ... OK
* checking data for non-ASCII characters ... OK
* checking LazyData ... OK
* checking data for ASCII and uncompressed saves ... OK
* checking examples ... OK
* DONE
Status: 2 WARNINGs
